c:\users\alfos\onedrive\documents\github\ort-edya1-2\aframework\debug\vc143.pdb
c:\users\alfos\onedrive\documents\github\ort-edya1-2\aframework\debug\vc143.idb
c:\users\alfos\onedrive\documents\github\ort-edya1-2\aframework\debug\multisetintimp.obj
c:\users\alfos\onedrive\documents\github\ort-edya1-2\aframework\debug\manejadorsalidaprueba.obj
c:\users\alfos\onedrive\documents\github\ort-edya1-2\aframework\debug\manejadorimpresionprueba.obj
c:\users\alfos\onedrive\documents\github\ort-edya1-2\aframework\debug\manejadorarchivos.obj
c:\users\alfos\onedrive\documents\github\ort-edya1-2\aframework\debug\main.obj
c:\users\alfos\onedrive\documents\github\ort-edya1-2\aframework\debug\listaposintimp.obj
c:\users\alfos\onedrive\documents\github\ort-edya1-2\aframework\debug\listaordintimp2.obj
c:\users\alfos\onedrive\documents\github\ort-edya1-2\aframework\debug\listaordintimp.obj
c:\users\alfos\onedrive\documents\github\ort-edya1-2\aframework\debug\funcaux_s.obj
c:\users\alfos\onedrive\documents\github\ort-edya1-2\aframework\debug\funcauxtad.obj
c:\users\alfos\onedrive\documents\github\ort-edya1-2\aframework\debug\funcaux.obj
c:\users\alfos\onedrive\documents\github\ort-edya1-2\aframework\debug\estadisticaprueba.obj
c:\users\alfos\onedrive\documents\github\ort-edya1-2\aframework\debug\ejercicios.obj
c:\users\alfos\onedrive\documents\github\ort-edya1-2\aframework\debug\diccionariointimp.obj
c:\users\alfos\onedrive\documents\github\ort-edya1-2\aframework\debug\defensa.obj
c:\users\alfos\onedrive\documents\github\ort-edya1-2\aframework\debug\conductorpruebaobl2.obj
c:\users\alfos\onedrive\documents\github\ort-edya1-2\aframework\debug\conductorprueba.obj
c:\users\alfos\onedrive\documents\github\ort-edya1-2\aframework\debug\colaprioridadintimp.obj
c:\users\alfos\onedrive\documents\github\ort-edya1-2\aframework\debug\colaintimp.obj
c:\users\alfos\onedrive\documents\github\ort-edya1-2\aframework\debug\colaarray.obj
c:\users\alfos\onedrive\documents\github\ort-edya1-2\aframework\debug\tablaintintimp.obj
c:\users\alfos\onedrive\documents\github\ort-edya1-2\aframework\debug\setintimp.obj
c:\users\alfos\onedrive\documents\github\ort-edya1-2\aframework\debug\pruebastablaintstring.obj
c:\users\alfos\onedrive\documents\github\ort-edya1-2\aframework\debug\pruebastablaintint.obj
c:\users\alfos\onedrive\documents\github\ort-edya1-2\aframework\debug\pruebassetint.obj
c:\users\alfos\onedrive\documents\github\ort-edya1-2\aframework\debug\pruebaspropias.obj
c:\users\alfos\onedrive\documents\github\ort-edya1-2\aframework\debug\pruebaspilaint.obj
c:\users\alfos\onedrive\documents\github\ort-edya1-2\aframework\debug\pruebasmultisetint.obj
c:\users\alfos\onedrive\documents\github\ort-edya1-2\aframework\debug\pruebaslistaposint.obj
c:\users\alfos\onedrive\documents\github\ort-edya1-2\aframework\debug\pruebaslistaordint.obj
c:\users\alfos\onedrive\documents\github\ort-edya1-2\aframework\debug\pruebasejemplodeusoentrega.obj
c:\users\alfos\onedrive\documents\github\ort-edya1-2\aframework\debug\pruebasdiccionarioint.obj
c:\users\alfos\onedrive\documents\github\ort-edya1-2\aframework\debug\pruebasdefensa.obj
c:\users\alfos\onedrive\documents\github\ort-edya1-2\aframework\debug\pruebascorreccion.obj
c:\users\alfos\onedrive\documents\github\ort-edya1-2\aframework\debug\pruebascolaprioridadint.obj
c:\users\alfos\onedrive\documents\github\ort-edya1-2\aframework\debug\pruebascolaint.obj
c:\users\alfos\onedrive\documents\github\ort-edya1-2\aframework\debug\pruebasauxentrega.obj
c:\users\alfos\onedrive\documents\github\ort-edya1-2\aframework\debug\pruebasauxdefensa.obj
c:\users\alfos\onedrive\documents\github\ort-edya1-2\aframework\debug\prueba.obj
c:\users\alfos\onedrive\documents\github\ort-edya1-2\aframework\debug\pilaintimp.obj
c:\users\alfos\onedrive\documents\github\ort-edya1-2\aframework\debug\tablaintstringimp.obj
c:\users\alfos\onedrive\documents\github\ort-edya1-2\debug\aframework.exe
c:\users\alfos\onedrive\documents\github\ort-edya1-2\debug\aframework.pdb
c:\users\alfos\onedrive\documents\github\ort-edya1-2\aframework\debug\aframework.ilk
c:\users\alfos\onedrive\documents\github\ort-edya1-2\aframework\debug\listaordintimp2.obj.enc
c:\users\alfos\onedrive\documents\github\ort-edya1-2\aframework\debug\multisetintimp.obj.enc
c:\users\alfos\onedrive\documents\github\ort-edya1-2\aframework\debug\tablaintintimp.obj.enc
c:\users\alfos\onedrive\documents\github\ort-edya1-2\aframework\debug\aframework.tlog\cl.command.1.tlog
c:\users\alfos\onedrive\documents\github\ort-edya1-2\aframework\debug\aframework.tlog\cl.items.tlog
c:\users\alfos\onedrive\documents\github\ort-edya1-2\aframework\debug\aframework.tlog\cl.read.1.tlog
c:\users\alfos\onedrive\documents\github\ort-edya1-2\aframework\debug\aframework.tlog\cl.write.1.tlog
c:\users\alfos\onedrive\documents\github\ort-edya1-2\aframework\debug\aframework.tlog\link.command.1.tlog
c:\users\alfos\onedrive\documents\github\ort-edya1-2\aframework\debug\aframework.tlog\link.read.1.tlog
c:\users\alfos\onedrive\documents\github\ort-edya1-2\aframework\debug\aframework.tlog\link.secondary.1.tlog
c:\users\alfos\onedrive\documents\github\ort-edya1-2\aframework\debug\aframework.tlog\link.write.1.tlog
